<?xml version="1.0" encoding="UTF-8"?>
<testsuites>
  <testsuite name="/home/mary/Projects/shogi/tests" tests="6" assertions="0" errors="6" warnings="0" failures="0" skipped="0" time="0.002041">
    <testsuite name="GameTest" file="/home/mary/Projects/shogi/tests/src/GameTest.php" tests="4" assertions="0" errors="4" warnings="0" failures="0" skipped="0" time="0.001945">
      <testcase name="it_should_create_a_new_game" class="GameTest" classname="GameTest" file="/home/mary/Projects/shogi/tests/src/GameTest.php" line="11" assertions="0" time="0.001812">
        <error type="Error">GameTest::it_should_create_a_new_game
Error: Call to undefined method Shogi\Pieces\Pawn::create()

/home/mary/Projects/shogi/src/Player.php:51
/home/mary/Projects/shogi/src/Player.php:25
/home/mary/Projects/shogi/src/Game.php:23
/home/mary/Projects/shogi/tests/src/GameTest.php:13
</error>
      </testcase>
      <testcase name="it_should_move_a_piece" class="GameTest" classname="GameTest" file="/home/mary/Projects/shogi/tests/src/GameTest.php" line="19" assertions="0" time="0.000050">
        <error type="Error">GameTest::it_should_move_a_piece
Error: Call to undefined method Shogi\Pieces\Pawn::create()

/home/mary/Projects/shogi/src/Player.php:51
/home/mary/Projects/shogi/src/Player.php:25
/home/mary/Projects/shogi/src/Game.php:23
/home/mary/Projects/shogi/tests/src/GameTest.php:24
</error>
      </testcase>
      <testcase name="it_should_undo_pieces_movements_from_another_player" class="GameTest" classname="GameTest" file="/home/mary/Projects/shogi/tests/src/GameTest.php" line="34" assertions="0" time="0.000041">
        <error type="Error">GameTest::it_should_undo_pieces_movements_from_another_player
Error: Call to undefined method Shogi\Pieces\Pawn::create()

/home/mary/Projects/shogi/src/Player.php:51
/home/mary/Projects/shogi/src/Player.php:25
/home/mary/Projects/shogi/src/Game.php:23
/home/mary/Projects/shogi/tests/src/GameTest.php:39
</error>
      </testcase>
      <testcase name="it_should_undo_a_move_to_non_existent_spots" class="GameTest" classname="GameTest" file="/home/mary/Projects/shogi/tests/src/GameTest.php" line="50" assertions="0" time="0.000042">
        <error type="Error">GameTest::it_should_undo_a_move_to_non_existent_spots
Error: Call to undefined method Shogi\Pieces\Pawn::create()

/home/mary/Projects/shogi/src/Player.php:51
/home/mary/Projects/shogi/src/Player.php:25
/home/mary/Projects/shogi/src/Game.php:23
/home/mary/Projects/shogi/tests/src/GameTest.php:55
</error>
      </testcase>
    </testsuite>
    <testsuite name="PlayerTest" file="/home/mary/Projects/shogi/tests/src/PlayerTest.php" tests="2" assertions="0" errors="2" warnings="0" failures="0" skipped="0" time="0.000096">
      <testcase name="it_should_create_a_player" class="PlayerTest" classname="PlayerTest" file="/home/mary/Projects/shogi/tests/src/PlayerTest.php" line="11" assertions="0" time="0.000053">
        <error type="Error">PlayerTest::it_should_create_a_player
Error: Call to undefined method Shogi\Pieces\Pawn::create()

/home/mary/Projects/shogi/src/Player.php:51
/home/mary/Projects/shogi/src/Player.php:25
/home/mary/Projects/shogi/tests/src/PlayerTest.php:13
</error>
      </testcase>
      <testcase name="it_should_load_twenty_pieces_per_player" class="PlayerTest" classname="PlayerTest" file="/home/mary/Projects/shogi/tests/src/PlayerTest.php" line="19" assertions="0" time="0.000043">
        <error type="Error">PlayerTest::it_should_load_twenty_pieces_per_player
Error: Call to undefined method Shogi\Pieces\Pawn::create()

/home/mary/Projects/shogi/src/Player.php:51
/home/mary/Projects/shogi/src/Player.php:25
/home/mary/Projects/shogi/tests/src/PlayerTest.php:21
</error>
      </testcase>
    </testsuite>
  </testsuite>
</testsuites>
